{"uuid":"1475589a-0db1-4c96-bdce-b16bf4637dfa","historyId":"dcbec0715bb4cb144ec785926779b024","testCaseId":"3db8b8bc180a5fee7fe8d97d3a325c28","fullName":"src/test/resources/features/Homepage_Functional and Non-Functional.feature:26","labels":[{"name":"host","value":"LAPTOP-4TCU2RIK"},{"name":"thread","value":"53352@LAPTOP-4TCU2RIK.main(1)"},{"name":"feature","value":"Functional and non-functional test validation for home page"},{"name":"story","value":"Validate the indicator for breakfast pre-meal"},{"name":"suite","value":"Functional and non-functional test validation for home page"},{"name":"testClass","value":"Validate the indicator for breakfast pre-meal"},{"name":"framework","value":"cucumber4jvm"},{"name":"language","value":"java"},{"name":"gherkin_uri","value":"file:///D:/java_workspace/SweetBalanceApplication/src/test/resources/features/Homepage_Functional%20and%20Non-Functional.feature"},{"name":"package","value":"src.test.resources.features.Homepage_Functional and Non-Functional_feature.Functional and non-functional test validation for home page"}],"links":[],"name":"Validate the indicator for breakfast pre-meal","status":"failed","statusDetails":{"known":false,"muted":false,"flaky":false,"message":"Breakfast pre-meal indicator does not match. expected [AM] but found [7:00 AM]","trace":"java.lang.AssertionError: Breakfast pre-meal indicator does not match. expected [AM] but found [7:00 AM]\r\n\tat org.testng.Assert.fail(Assert.java:111)\r\n\tat org.testng.Assert.failNotEquals(Assert.java:1590)\r\n\tat org.testng.Assert.assertEqualsImpl(Assert.java:150)\r\n\tat org.testng.Assert.assertEquals(Assert.java:132)\r\n\tat org.testng.Assert.assertEquals(Assert.java:656)\r\n\tat stepdefinition.Homepage_CommonfeatureSD.user_should_see_indicator_for_breakfast_pre_meal(Homepage_CommonfeatureSD.java:400)\r\n\tat ✽.User should see indicator \"AM\" for breakfast pre-meal(file:///D:/java_workspace/SweetBalanceApplication/src/test/resources/features/Homepage_Functional%20and%20Non-Functional.feature:29)\r\n"},"stage":"finished","steps":[{"name":"Given User is logged into the app","status":"passed","statusDetails":{"known":false,"muted":false,"flaky":false},"stage":"finished","steps":[],"attachments":[],"parameters":[],"start":1751433781186,"stop":1751433783991},{"name":"Given User is in home page","status":"passed","statusDetails":{"known":false,"muted":false,"flaky":false},"stage":"finished","steps":[],"attachments":[],"parameters":[],"start":1751433783991,"stop":1751433783992},{"name":"When User clicks meal section","status":"passed","statusDetails":{"known":false,"muted":false,"flaky":false},"stage":"finished","steps":[],"attachments":[],"parameters":[],"start":1751433783993,"stop":1751433785442},{"name":"Then User should see indicator \"AM\" for breakfast pre-meal","status":"failed","statusDetails":{"known":false,"muted":false,"flaky":false,"message":"Breakfast pre-meal indicator does not match. expected [AM] but found [7:00 AM]","trace":"java.lang.AssertionError: Breakfast pre-meal indicator does not match. expected [AM] but found [7:00 AM]\r\n\tat org.testng.Assert.fail(Assert.java:111)\r\n\tat org.testng.Assert.failNotEquals(Assert.java:1590)\r\n\tat org.testng.Assert.assertEqualsImpl(Assert.java:150)\r\n\tat org.testng.Assert.assertEquals(Assert.java:132)\r\n\tat org.testng.Assert.assertEquals(Assert.java:656)\r\n\tat stepdefinition.Homepage_CommonfeatureSD.user_should_see_indicator_for_breakfast_pre_meal(Homepage_CommonfeatureSD.java:400)\r\n\tat ✽.User should see indicator \"AM\" for breakfast pre-meal(file:///D:/java_workspace/SweetBalanceApplication/src/test/resources/features/Homepage_Functional%20and%20Non-Functional.feature:29)\r\n"},"stage":"finished","steps":[],"attachments":[],"parameters":[],"start":1751433785442,"stop":1751433785597}],"attachments":[],"parameters":[],"start":1751433776778,"stop":1751433786969}