{"uuid":"2ab1b6c5-2c19-43ee-930a-4cc8325e8ee5","historyId":"e7014cc4fd1dd2a8c2915098e70d9de3","testCaseId":"aa1253af0c93ee28ac1ffc59ef48a97d","fullName":"src/test/resources/features/Dashboard_Commonfeature.feature:23","labels":[{"name":"host","value":"Dineshs-MacBook-Pro.local"},{"name":"thread","value":"46683@Dineshs-MacBook-Pro.local.TestNG-tests-1(32)"},{"name":"feature","value":"Dashboard page validation for Registered Free account user"},{"name":"story","value":"Verify all the fields under Account Information are Displayed"},{"name":"suite","value":"Dashboard page validation for Registered Free account user"},{"name":"testClass","value":"Verify all the fields under Account Information are Displayed"},{"name":"framework","value":"cucumber4jvm"},{"name":"language","value":"java"},{"name":"gherkin_uri","value":"file:///Users/dineshdeshmukh/eclipse-workspace/SweetBalance/src/test/resources/features/Dashboard_Commonfeature.feature"},{"name":"package","value":"src.test.resources.features.Dashboard_Commonfeature_feature.Dashboard page validation for Registered Free account user"}],"links":[],"name":"Verify all the fields under Account Information are Displayed","status":"broken","statusDetails":{"known":false,"muted":false,"flaky":false,"message":"Unable to find element with locator By.xpath: //button[text()='Continue with email']\nFor documentation on this error, please visit: https://www.selenium.dev/documentation/webdriver/troubleshooting/errors#no-such-element-exception\nBuild info: version: '4.29.0', revision: '5fc1ec94cb'\nSystem info: os.name: 'Mac OS X', os.arch: 'x86_64', os.version: '15.1.1', java.version: '23.0.1'\nDriver info: driver.version: RemoteWebDriver","trace":"org.openqa.selenium.NoSuchElementException: Unable to find element with locator By.xpath: //button[text()='Continue with email']\nFor documentation on this error, please visit: https://www.selenium.dev/documentation/webdriver/troubleshooting/errors#no-such-element-exception\nBuild info: version: '4.29.0', revision: '5fc1ec94cb'\nSystem info: os.name: 'Mac OS X', os.arch: 'x86_64', os.version: '15.1.1', java.version: '23.0.1'\nDriver info: driver.version: RemoteWebDriver\n\tat org.openqa.selenium.remote.ElementLocation$ElementFinder$2.findElement(ElementLocation.java:168)\n\tat org.openqa.selenium.remote.ElementLocation.findElement(ElementLocation.java:59)\n\tat org.openqa.selenium.remote.RemoteWebDriver.findElement(RemoteWebDriver.java:368)\n\tat org.openqa.selenium.remote.RemoteWebDriver.findElement(RemoteWebDriver.java:362)\n\tat java.base/jdk.internal.reflect.DirectMethodHandleAccessor.invoke(DirectMethodHandleAccessor.java:103)\n\tat java.base/java.lang.reflect.Method.invoke(Method.java:580)\n\tat org.openqa.selenium.support.ThreadGuard$WebDriverInvocationHandler.invokeUnderlying(ThreadGuard.java:99)\n\tat org.openqa.selenium.support.ThreadGuard$WebDriverInvocationHandler.invoke(ThreadGuard.java:91)\n\tat jdk.proxy2/jdk.proxy2.$Proxy47.findElement(Unknown Source)\n\tat org.openqa.selenium.support.pagefactory.DefaultElementLocator.findElement(DefaultElementLocator.java:68)\n\tat org.openqa.selenium.support.pagefactory.internal.LocatingElementHandler.invoke(LocatingElementHandler.java:38)\n\tat jdk.proxy2/jdk.proxy2.$Proxy50.click(Unknown Source)\n\tat pagefactory.Dashboard_Commonfeature.clickContinueWithEmail(Dashboard_Commonfeature.java:164)\n\tat stepdefinition.Dashboard_CommonfeatureSD.user_logged_into_the_app(Dashboard_CommonfeatureSD.java:35)\n\tat ✽.User logged into the app(file:///Users/dineshdeshmukh/eclipse-workspace/SweetBalance/src/test/resources/features/Dashboard_Commonfeature.feature:4)\n"},"stage":"finished","steps":[{"name":"Given User logged into the app","status":"broken","statusDetails":{"known":false,"muted":false,"flaky":false,"message":"Unable to find element with locator By.xpath: //button[text()='Continue with email']\nFor documentation on this error, please visit: https://www.selenium.dev/documentation/webdriver/troubleshooting/errors#no-such-element-exception\nBuild info: version: '4.29.0', revision: '5fc1ec94cb'\nSystem info: os.name: 'Mac OS X', os.arch: 'x86_64', os.version: '15.1.1', java.version: '23.0.1'\nDriver info: driver.version: RemoteWebDriver","trace":"org.openqa.selenium.NoSuchElementException: Unable to find element with locator By.xpath: //button[text()='Continue with email']\nFor documentation on this error, please visit: https://www.selenium.dev/documentation/webdriver/troubleshooting/errors#no-such-element-exception\nBuild info: version: '4.29.0', revision: '5fc1ec94cb'\nSystem info: os.name: 'Mac OS X', os.arch: 'x86_64', os.version: '15.1.1', java.version: '23.0.1'\nDriver info: driver.version: RemoteWebDriver\n\tat org.openqa.selenium.remote.ElementLocation$ElementFinder$2.findElement(ElementLocation.java:168)\n\tat org.openqa.selenium.remote.ElementLocation.findElement(ElementLocation.java:59)\n\tat org.openqa.selenium.remote.RemoteWebDriver.findElement(RemoteWebDriver.java:368)\n\tat org.openqa.selenium.remote.RemoteWebDriver.findElement(RemoteWebDriver.java:362)\n\tat java.base/jdk.internal.reflect.DirectMethodHandleAccessor.invoke(DirectMethodHandleAccessor.java:103)\n\tat java.base/java.lang.reflect.Method.invoke(Method.java:580)\n\tat org.openqa.selenium.support.ThreadGuard$WebDriverInvocationHandler.invokeUnderlying(ThreadGuard.java:99)\n\tat org.openqa.selenium.support.ThreadGuard$WebDriverInvocationHandler.invoke(ThreadGuard.java:91)\n\tat jdk.proxy2/jdk.proxy2.$Proxy47.findElement(Unknown Source)\n\tat org.openqa.selenium.support.pagefactory.DefaultElementLocator.findElement(DefaultElementLocator.java:68)\n\tat org.openqa.selenium.support.pagefactory.internal.LocatingElementHandler.invoke(LocatingElementHandler.java:38)\n\tat jdk.proxy2/jdk.proxy2.$Proxy50.click(Unknown Source)\n\tat pagefactory.Dashboard_Commonfeature.clickContinueWithEmail(Dashboard_Commonfeature.java:164)\n\tat stepdefinition.Dashboard_CommonfeatureSD.user_logged_into_the_app(Dashboard_CommonfeatureSD.java:35)\n\tat ✽.User logged into the app(file:///Users/dineshdeshmukh/eclipse-workspace/SweetBalance/src/test/resources/features/Dashboard_Commonfeature.feature:4)\n"},"stage":"finished","steps":[],"attachments":[],"parameters":[],"start":1751607876044,"stop":1751607877314},{"name":"Then User should see all the fields under Account Information section","status":"skipped","statusDetails":{"known":false,"muted":false,"flaky":false},"stage":"finished","steps":[],"attachments":[],"parameters":[],"start":1751607877315,"stop":1751607877316}],"attachments":[],"parameters":[],"start":1751607873113,"stop":1751607877471}